2025-12-10 16:02:32 [restartedMain] INFO  c.e.O.OnlineBankacilikApplication - Starting OnlineBankacilikApplication using Java 21.0.9 with PID 8232 (C:\Users\kelda\git\GelismisBankacilik\target\classes started by Furkan in C:\Users\kelda\git\GelismisBankacilik)
2025-12-10 16:02:32 [restartedMain] INFO  c.e.O.OnlineBankacilikApplication - No active profile set, falling back to 1 default profile: "default"
2025-12-10 16:02:33 [restartedMain] INFO  o.s.d.r.c.RepositoryConfigurationDelegate - Multiple Spring Data modules found, entering strict repository configuration mode
2025-12-10 16:02:33 [restartedMain] INFO  o.s.d.r.c.RepositoryConfigurationDelegate - Bootstrapping Spring Data JPA repositories in DEFAULT mode.
2025-12-10 16:02:33 [restartedMain] INFO  o.s.d.r.c.RepositoryConfigurationDelegate - Finished Spring Data repository scanning in 64 ms. Found 3 JPA repository interfaces.
2025-12-10 16:02:34 [restartedMain] INFO  o.s.b.w.e.tomcat.TomcatWebServer - Tomcat initialized with port 9016 (http)
2025-12-10 16:02:34 [restartedMain] INFO  o.a.catalina.core.StandardService - Starting service [Tomcat]
2025-12-10 16:02:34 [restartedMain] INFO  o.a.catalina.core.StandardEngine - Starting Servlet engine: [Apache Tomcat/10.1.44]
2025-12-10 16:02:34 [restartedMain] INFO  o.a.c.c.C.[Tomcat].[localhost].[/] - Initializing Spring embedded WebApplicationContext
2025-12-10 16:02:34 [restartedMain] INFO  o.s.b.w.s.c.ServletWebServerApplicationContext - Root WebApplicationContext: initialization completed in 1986 ms
2025-12-10 16:02:34 [restartedMain] INFO  o.h.jpa.internal.util.LogHelper - HHH000204: Processing PersistenceUnitInfo [name: default]
2025-12-10 16:02:34 [restartedMain] INFO  o.h.c.i.RegionFactoryInitiator - HHH000026: Second-level cache disabled
2025-12-10 16:02:34 [restartedMain] INFO  o.s.o.j.p.SpringPersistenceUnitInfo - No LoadTimeWeaver setup: ignoring JPA class transformer
2025-12-10 16:02:34 [restartedMain] INFO  com.zaxxer.hikari.HikariDataSource - HikariPool-3 - Starting...
2025-12-10 16:02:34 [restartedMain] INFO  com.zaxxer.hikari.pool.HikariPool - HikariPool-3 - Added connection conn21: url=jdbc:h2:mem:testdb user=SA
2025-12-10 16:02:34 [restartedMain] INFO  com.zaxxer.hikari.HikariDataSource - HikariPool-3 - Start completed.
2025-12-10 16:02:34 [restartedMain] WARN  org.hibernate.orm.deprecation - HHH90000025: H2Dialect does not need to be specified explicitly using 'hibernate.dialect' (remove the property setting and it will be selected by default)
2025-12-10 16:02:34 [restartedMain] INFO  o.hibernate.orm.connections.pooling - HHH10001005: Database info:
	Database JDBC URL [Connecting through datasource 'HikariDataSource (HikariPool-3)']
	Database driver: undefined/unknown
	Database version: 2.3.232
	Autocommit mode: undefined/unknown
	Isolation level: undefined/unknown
	Minimum pool size: undefined/unknown
	Maximum pool size: undefined/unknown
2025-12-10 16:02:35 [restartedMain] INFO  o.h.e.t.j.p.i.JtaPlatformInitiator - HHH000489: No JTA platform available (set 'hibernate.transaction.jta.platform' to enable JTA platform integration)
2025-12-10 16:02:35 [restartedMain] DEBUG org.hibernate.SQL - create table accounts (account_type varchar(20) not null, account_no varchar(50) not null, active boolean not null, amount numeric(19,2) not null, opening_date timestamp(6) not null, interest_rate numeric(5,4), maturity_date date, maturity_month integer, customer_id bigint not null, primary key (account_no))
2025-12-10 16:02:35 [restartedMain] DEBUG org.hibernate.SQL - create table customers (id bigint generated by default as identity, email varchar(100), name_surname varchar(100) not null, phone_number varchar(20), registration_date timestamp(6) not null, tc_kimlik_no varchar(11) not null, primary key (id))
2025-12-10 16:02:35 [restartedMain] DEBUG org.hibernate.SQL - create table processes (id bigint generated by default as identity, amount numeric(19,2) not null, explanation varchar(500), new_balance numeric(19,2) not null, previous_balance numeric(19,2) not null, successful boolean not null, transaction_code varchar(50) not null, transaction_date timestamp(6) not null, transaction_type enum ('CEKME','FAIZ_ISLEME','TRANSFER','YATIRMA') not null, account_no varchar(50) not null, primary key (id))
2025-12-10 16:02:35 [restartedMain] DEBUG org.hibernate.SQL - alter table if exists customers drop constraint if exists UKrfbvkrffamfql7cjmen8v976v
2025-12-10 16:02:35 [restartedMain] DEBUG org.hibernate.SQL - alter table if exists customers add constraint UKrfbvkrffamfql7cjmen8v976v unique (email)
2025-12-10 16:02:35 [restartedMain] DEBUG org.hibernate.SQL - alter table if exists customers drop constraint if exists UK8bdmx0keim36w3anm45kfkgjd
2025-12-10 16:02:35 [restartedMain] DEBUG org.hibernate.SQL - alter table if exists customers add constraint UK8bdmx0keim36w3anm45kfkgjd unique (tc_kimlik_no)
2025-12-10 16:02:35 [restartedMain] DEBUG org.hibernate.SQL - alter table if exists processes drop constraint if exists UK1ntppoos47kfawbjxc6aqxb23
2025-12-10 16:02:35 [restartedMain] DEBUG org.hibernate.SQL - alter table if exists processes add constraint UK1ntppoos47kfawbjxc6aqxb23 unique (transaction_code)
2025-12-10 16:02:35 [restartedMain] DEBUG org.hibernate.SQL - alter table if exists accounts add constraint FKn6x8pdp50os8bq5rbb792upse foreign key (customer_id) references customers
2025-12-10 16:02:35 [restartedMain] DEBUG org.hibernate.SQL - alter table if exists processes add constraint FKcc1bbvxl1f5yh1dxq7m2eiv5u foreign key (account_no) references accounts
2025-12-10 16:02:35 [restartedMain] INFO  o.s.o.j.LocalContainerEntityManagerFactoryBean - Initialized JPA EntityManagerFactory for persistence unit 'default'
2025-12-10 16:02:35 [restartedMain] INFO  c.e.O.config.RedisConfig - RedisTemplate oluşturuluyor...
2025-12-10 16:02:35 [restartedMain] INFO  c.e.O.config.RedisConfig - RedisTemplate başarıyla oluşturuldu
2025-12-10 16:02:35 [restartedMain] WARN  o.s.b.a.o.j.JpaBaseConfiguration$JpaWebConfiguration - spring.jpa.open-in-view is enabled by default. Therefore, database queries may be performed during view rendering. Explicitly configure spring.jpa.open-in-view to disable this warning
2025-12-10 16:02:35 [restartedMain] INFO  o.s.b.a.h.H2ConsoleAutoConfiguration - H2 console available at '/h2-console'. Database available at 'jdbc:h2:mem:testdb'
2025-12-10 16:02:35 [restartedMain] INFO  o.s.b.d.a.OptionalLiveReloadServer - LiveReload server is running on port 35729
2025-12-10 16:02:35 [restartedMain] INFO  o.s.b.w.e.tomcat.TomcatWebServer - Tomcat started on port 9016 (http) with context path '/'
2025-12-10 16:02:35 [restartedMain] INFO  c.e.O.OnlineBankacilikApplication - Started OnlineBankacilikApplication in 3.346 seconds (process running for 565.931)
2025-12-10 16:02:35 [restartedMain] INFO  o.s.b.d.a.ConditionEvaluationDeltaLoggingListener - Condition evaluation unchanged
2025-12-10 16:02:38 [org.springframework.kafka.KafkaListenerEndpointContainer#0-0-C-1] INFO  o.s.k.l.KafkaMessageListenerContainer - banking-group: partitions assigned: [banking-events-0]
2025-12-10 16:02:38 [org.springframework.kafka.KafkaListenerEndpointContainer#1-0-C-1] INFO  o.s.k.l.KafkaMessageListenerContainer - notification-group: partitions assigned: [transaction-events-0]
2025-12-10 16:09:15 [File Watcher] INFO  o.s.b.d.a.LocalDevToolsAutoConfiguration$RestartingClassPathChangeChangedEventListener - Restarting due to 1 class path change (0 additions, 0 deletions, 1 modification)
2025-12-10 16:09:15 [org.springframework.kafka.KafkaListenerEndpointContainer#0-0-C-1] INFO  o.s.k.l.KafkaMessageListenerContainer - banking-group: partitions revoked: [banking-events-0]
2025-12-10 16:09:15 [org.springframework.kafka.KafkaListenerEndpointContainer#1-0-C-1] INFO  o.s.k.l.KafkaMessageListenerContainer - notification-group: partitions revoked: [transaction-events-0]
2025-12-10 16:09:15 [org.springframework.kafka.KafkaListenerEndpointContainer#0-0-C-1] INFO  o.s.k.l.KafkaMessageListenerContainer - banking-group: Consumer stopped
2025-12-10 16:09:15 [org.springframework.kafka.KafkaListenerEndpointContainer#1-0-C-1] INFO  o.s.k.l.KafkaMessageListenerContainer - notification-group: Consumer stopped
2025-12-10 16:09:15 [Thread-12] INFO  o.s.b.w.e.tomcat.GracefulShutdown - Commencing graceful shutdown. Waiting for active requests to complete
2025-12-10 16:09:15 [tomcat-shutdown] INFO  o.s.b.w.e.tomcat.GracefulShutdown - Graceful shutdown complete
2025-12-10 16:09:15 [Thread-12] INFO  o.s.o.j.LocalContainerEntityManagerFactoryBean - Closing JPA EntityManagerFactory for persistence unit 'default'
2025-12-10 16:09:15 [Thread-12] WARN  o.s.b.f.s.DisposableBeanAdapter - Invocation of destroy method failed on bean with name 'inMemoryDatabaseShutdownExecutor': org.h2.jdbc.JdbcSQLNonTransientConnectionException: Database is already closed (to disable automatic closing at VM shutdown, add ";DB_CLOSE_ON_EXIT=FALSE" to the db URL) [90121-232]
2025-12-10 16:09:15 [Thread-12] INFO  com.zaxxer.hikari.HikariDataSource - HikariPool-3 - Shutdown initiated...
2025-12-10 16:09:15 [Thread-12] INFO  com.zaxxer.hikari.HikariDataSource - HikariPool-3 - Shutdown completed.
